2026-03-19 23:00:10,066 | Direct_Conv          | Tiles:          1 | DRAM (Bytes):      3681280
2026-03-19 23:00:10,066 | Direct_Conv          | Tiles:          1 | DRAM (Bytes):      1696768
2026-03-19 23:00:10,066 | Direct_Conv          | Tiles:          1 | DRAM (Bytes):      1696768
2026-03-19 23:00:10,066 | Direct_Conv          | Tiles:          1 | DRAM (Bytes):      1696768
2026-03-19 23:00:10,066 | Direct_Conv          | Tiles:          1 | DRAM (Bytes):      1696768
2026-03-19 23:00:10,066 | Direct_Conv          | Tiles:          1 | DRAM (Bytes):      1470976
2026-03-19 23:00:10,066 | Direct_Conv          | Tiles:          1 | DRAM (Bytes):      1337344
2026-03-19 23:00:10,066 | Direct_Conv          | Tiles:          1 | DRAM (Bytes):      1236992
2026-03-19 23:00:10,066 | Direct_Conv          | Tiles:          1 | DRAM (Bytes):      1337344
2026-03-19 23:00:10,066 | Direct_Conv          | Tiles:          1 | DRAM (Bytes):      1337344
2026-03-19 23:00:10,066 | Direct_Conv          | Tiles:          1 | DRAM (Bytes):      1754112
2026-03-19 23:00:10,066 | Direct_Conv          | Tiles:          1 | DRAM (Bytes):      2707456
2026-03-19 23:00:10,066 | Direct_Conv          | Tiles:          1 | DRAM (Bytes):       733184
2026-03-19 23:00:10,066 | Direct_Conv          | Tiles:          1 | DRAM (Bytes):      2707456
2026-03-19 23:00:10,066 | Direct_Conv          | Tiles:          1 | DRAM (Bytes):      2707456
2026-03-19 23:00:10,066 | Direct_Conv          | Tiles:          1 | DRAM (Bytes):      4993024
2026-03-19 23:00:10,066 | Direct_Conv          | Tiles:          1 | DRAM (Bytes):      9588736
2026-03-19 23:00:10,066 | Direct_Conv          | Tiles:          1 | DRAM (Bytes):       825344
2026-03-19 23:00:10,066 | Direct_Conv          | Tiles:          1 | DRAM (Bytes):      9588736
2026-03-19 23:00:10,066 | Direct_Conv          | Tiles:          1 | DRAM (Bytes):      9588736
2026-03-19 23:00:11,295 | Direct_Conv          | Tiles:          1 | DRAM (Bytes):      3681280
2026-03-19 23:00:11,295 | Winograd_Naive       | Tiles:        729 | DRAM (Bytes):      2471424
2026-03-19 23:00:11,296 | Winograd_Naive       | Tiles:        729 | DRAM (Bytes):      2471424
2026-03-19 23:00:11,296 | Winograd_Naive       | Tiles:        729 | DRAM (Bytes):      2471424
2026-03-19 23:00:11,296 | Winograd_Naive       | Tiles:        729 | DRAM (Bytes):      2471424
2026-03-19 23:00:11,296 | Direct_Conv          | Tiles:          1 | DRAM (Bytes):      1470976
2026-03-19 23:00:11,296 | Winograd_Naive       | Tiles:        169 | DRAM (Bytes):      1711104
2026-03-19 23:00:11,296 | Direct_Conv          | Tiles:          1 | DRAM (Bytes):      1236992
2026-03-19 23:00:11,296 | Winograd_Naive       | Tiles:        169 | DRAM (Bytes):      1711104
2026-03-19 23:00:11,296 | Winograd_Naive       | Tiles:        169 | DRAM (Bytes):      1711104
2026-03-19 23:00:11,296 | Direct_Conv          | Tiles:          1 | DRAM (Bytes):      1754112
2026-03-19 23:00:11,296 | Winograd_Naive       | Tiles:         36 | DRAM (Bytes):      2881536
2026-03-19 23:00:11,296 | Direct_Conv          | Tiles:          1 | DRAM (Bytes):       733184
2026-03-19 23:00:11,296 | Winograd_Naive       | Tiles:         36 | DRAM (Bytes):      2881536
2026-03-19 23:00:11,296 | Winograd_Naive       | Tiles:         36 | DRAM (Bytes):      2881536
2026-03-19 23:00:11,296 | Direct_Conv          | Tiles:          1 | DRAM (Bytes):      4993024
2026-03-19 23:00:11,296 | Winograd_Naive       | Tiles:          4 | DRAM (Bytes):      9664512
2026-03-19 23:00:11,296 | Direct_Conv          | Tiles:          1 | DRAM (Bytes):       825344
2026-03-19 23:00:11,296 | Winograd_Naive       | Tiles:          4 | DRAM (Bytes):      9664512
2026-03-19 23:00:11,296 | Winograd_Naive       | Tiles:          4 | DRAM (Bytes):      9664512
2026-03-19 23:00:12,494 | Direct_Conv          | Tiles:          1 | DRAM (Bytes):      3681280
2026-03-19 23:00:12,494 | Winograd_Cache-Aware | Tiles:        729 | DRAM (Bytes):      1696768
2026-03-19 23:00:12,494 | Winograd_Cache-Aware | Tiles:        729 | DRAM (Bytes):      1696768
2026-03-19 23:00:12,494 | Winograd_Cache-Aware | Tiles:        729 | DRAM (Bytes):      1696768
2026-03-19 23:00:12,494 | Winograd_Cache-Aware | Tiles:        729 | DRAM (Bytes):      1696768
2026-03-19 23:00:12,494 | Direct_Conv          | Tiles:          1 | DRAM (Bytes):      1470976
2026-03-19 23:00:12,494 | Winograd_Cache-Aware | Tiles:        169 | DRAM (Bytes):      1337344
2026-03-19 23:00:12,494 | Direct_Conv          | Tiles:          1 | DRAM (Bytes):      1236992
2026-03-19 23:00:12,494 | Winograd_Cache-Aware | Tiles:        169 | DRAM (Bytes):      1337344
2026-03-19 23:00:12,494 | Winograd_Cache-Aware | Tiles:        169 | DRAM (Bytes):      1337344
2026-03-19 23:00:12,494 | Direct_Conv          | Tiles:          1 | DRAM (Bytes):      1754112
2026-03-19 23:00:12,494 | Winograd_Cache-Aware | Tiles:         36 | DRAM (Bytes):      2707456
2026-03-19 23:00:12,494 | Direct_Conv          | Tiles:          1 | DRAM (Bytes):       733184
2026-03-19 23:00:12,494 | Winograd_Cache-Aware | Tiles:         36 | DRAM (Bytes):      2707456
2026-03-19 23:00:12,494 | Winograd_Cache-Aware | Tiles:         36 | DRAM (Bytes):      2707456
2026-03-19 23:00:12,494 | Direct_Conv          | Tiles:          1 | DRAM (Bytes):      4993024
2026-03-19 23:00:12,494 | Winograd_Cache-Aware | Tiles:          4 | DRAM (Bytes):      9588736
2026-03-19 23:00:12,494 | Direct_Conv          | Tiles:          1 | DRAM (Bytes):       825344
2026-03-19 23:00:12,494 | Winograd_Cache-Aware | Tiles:          4 | DRAM (Bytes):      9588736
2026-03-19 23:00:12,494 | Winograd_Cache-Aware | Tiles:          4 | DRAM (Bytes):      9588736
2026-03-19 23:00:13,620 | Direct_Conv          | Tiles:          1 | DRAM (Bytes):      3681280
2026-03-19 23:00:13,620 | Winograd_Optimized   | Tiles:        729 | DRAM (Bytes):      1689395
2026-03-19 23:00:13,620 | Winograd_Optimized   | Tiles:        729 | DRAM (Bytes):      1689395
2026-03-19 23:00:13,620 | Winograd_Optimized   | Tiles:        729 | DRAM (Bytes):      1689395
2026-03-19 23:00:13,620 | Winograd_Optimized   | Tiles:        729 | DRAM (Bytes):      1689395
2026-03-19 23:00:13,620 | Direct_Conv          | Tiles:          1 | DRAM (Bytes):      1470976
2026-03-19 23:00:13,620 | Winograd_Optimized   | Tiles:        169 | DRAM (Bytes):      1307852
2026-03-19 23:00:13,620 | Direct_Conv          | Tiles:          1 | DRAM (Bytes):      1236992
2026-03-19 23:00:13,620 | Winograd_Optimized   | Tiles:        169 | DRAM (Bytes):      1307852
2026-03-19 23:00:13,620 | Winograd_Optimized   | Tiles:        169 | DRAM (Bytes):      1307852
2026-03-19 23:00:13,620 | Direct_Conv          | Tiles:          1 | DRAM (Bytes):      1754112
2026-03-19 23:00:13,620 | Winograd_Optimized   | Tiles:         36 | DRAM (Bytes):      2589491
2026-03-19 23:00:13,620 | Direct_Conv          | Tiles:          1 | DRAM (Bytes):       733184
2026-03-19 23:00:13,620 | Winograd_Optimized   | Tiles:         36 | DRAM (Bytes):      2589491
2026-03-19 23:00:13,620 | Winograd_Optimized   | Tiles:         36 | DRAM (Bytes):      2589491
2026-03-19 23:00:13,620 | Direct_Conv          | Tiles:          1 | DRAM (Bytes):      4993024
2026-03-19 23:00:13,620 | Winograd_Optimized   | Tiles:          4 | DRAM (Bytes):      9116876
2026-03-19 23:00:13,620 | Direct_Conv          | Tiles:          1 | DRAM (Bytes):       825344
2026-03-19 23:00:13,620 | Winograd_Optimized   | Tiles:          4 | DRAM (Bytes):      9116876
2026-03-19 23:00:13,620 | Winograd_Optimized   | Tiles:          4 | DRAM (Bytes):      9116876
2026-03-19 23:00:16,996 | Direct_Conv          | Tiles:          1 | DRAM (Bytes):     13225728
2026-03-19 23:00:16,996 | Direct_Conv          | Tiles:          1 | DRAM (Bytes):     25609216
2026-03-19 23:00:16,996 | Direct_Conv          | Tiles:          1 | DRAM (Bytes):      9701376
2026-03-19 23:00:16,996 | Direct_Conv          | Tiles:          1 | DRAM (Bytes):     13207552
2026-03-19 23:00:16,996 | Direct_Conv          | Tiles:          1 | DRAM (Bytes):      5771264
2026-03-19 23:00:16,996 | Direct_Conv          | Tiles:          1 | DRAM (Bytes):      8556544
2026-03-19 23:00:16,996 | Direct_Conv          | Tiles:          1 | DRAM (Bytes):      8556544
2026-03-19 23:00:16,996 | Direct_Conv          | Tiles:          1 | DRAM (Bytes):      6905856
2026-03-19 23:00:16,996 | Direct_Conv          | Tiles:          1 | DRAM (Bytes):     12427264
2026-03-19 23:00:16,996 | Direct_Conv          | Tiles:          1 | DRAM (Bytes):     12427264
2026-03-19 23:00:16,996 | Direct_Conv          | Tiles:          1 | DRAM (Bytes):     10133504
2026-03-19 23:00:16,996 | Direct_Conv          | Tiles:          1 | DRAM (Bytes):     10133504
2026-03-19 23:00:16,996 | Direct_Conv          | Tiles:          1 | DRAM (Bytes):     10133504
2026-03-19 23:00:22,809 | Winograd_Naive       | Tiles:      12321 | DRAM (Bytes):     19835136
2026-03-19 23:00:22,809 | Winograd_Naive       | Tiles:      12321 | DRAM (Bytes):     38340096
2026-03-19 23:00:22,809 | Winograd_Naive       | Tiles:       3025 | DRAM (Bytes):     14404608
2026-03-19 23:00:22,809 | Winograd_Naive       | Tiles:       3025 | DRAM (Bytes):     19516416
2026-03-19 23:00:22,809 | Winograd_Naive       | Tiles:        729 | DRAM (Bytes):      8067072
2026-03-19 23:00:22,809 | Winograd_Naive       | Tiles:        729 | DRAM (Bytes):     11655168
2026-03-19 23:00:22,809 | Winograd_Naive       | Tiles:        729 | DRAM (Bytes):     11655168
2026-03-19 23:00:22,809 | Winograd_Naive       | Tiles:        169 | DRAM (Bytes):      7999488
2026-03-19 23:00:22,809 | Winograd_Naive       | Tiles:        169 | DRAM (Bytes):     13922304
2026-03-19 23:00:22,809 | Winograd_Naive       | Tiles:        169 | DRAM (Bytes):     13922304
2026-03-19 23:00:22,809 | Winograd_Naive       | Tiles:         36 | DRAM (Bytes):     10481664
2026-03-19 23:00:22,809 | Winograd_Naive       | Tiles:         36 | DRAM (Bytes):     10481664
2026-03-19 23:00:22,809 | Winograd_Naive       | Tiles:         36 | DRAM (Bytes):     10481664
2026-03-19 23:00:28,222 | Winograd_Cache-Aware | Tiles:      12321 | DRAM (Bytes):     13225728
2026-03-19 23:00:28,222 | Winograd_Cache-Aware | Tiles:      12321 | DRAM (Bytes):     25609216
2026-03-19 23:00:28,222 | Winograd_Cache-Aware | Tiles:       3025 | DRAM (Bytes):      9701376
2026-03-19 23:00:28,222 | Winograd_Cache-Aware | Tiles:       3025 | DRAM (Bytes):     13207552
2026-03-19 23:00:28,223 | Winograd_Cache-Aware | Tiles:        729 | DRAM (Bytes):      5771264
2026-03-19 23:00:28,223 | Winograd_Cache-Aware | Tiles:        729 | DRAM (Bytes):      8556544
2026-03-19 23:00:28,223 | Winograd_Cache-Aware | Tiles:        729 | DRAM (Bytes):      8556544
2026-03-19 23:00:28,223 | Winograd_Cache-Aware | Tiles:        169 | DRAM (Bytes):      6905856
2026-03-19 23:00:28,223 | Winograd_Cache-Aware | Tiles:        169 | DRAM (Bytes):     12427264
2026-03-19 23:00:28,223 | Winograd_Cache-Aware | Tiles:        169 | DRAM (Bytes):     12427264
2026-03-19 23:00:28,223 | Winograd_Cache-Aware | Tiles:         36 | DRAM (Bytes):     10133504
2026-03-19 23:00:28,223 | Winograd_Cache-Aware | Tiles:         36 | DRAM (Bytes):     10133504
2026-03-19 23:00:28,223 | Winograd_Cache-Aware | Tiles:         36 | DRAM (Bytes):     10133504
2026-03-19 23:00:33,622 | Winograd_Optimized   | Tiles:      12321 | DRAM (Bytes):     13225382
2026-03-19 23:00:33,622 | Winograd_Optimized   | Tiles:      12321 | DRAM (Bytes):     25601843
2026-03-19 23:00:33,622 | Winograd_Optimized   | Tiles:       3025 | DRAM (Bytes):      9686630
2026-03-19 23:00:33,622 | Winograd_Optimized   | Tiles:       3025 | DRAM (Bytes):     13178060
2026-03-19 23:00:33,622 | Winograd_Optimized   | Tiles:        729 | DRAM (Bytes):      5712281
2026-03-19 23:00:33,622 | Winograd_Optimized   | Tiles:        729 | DRAM (Bytes):      8438579
2026-03-19 23:00:33,622 | Winograd_Optimized   | Tiles:        729 | DRAM (Bytes):      8438579
2026-03-19 23:00:33,622 | Winograd_Optimized   | Tiles:        169 | DRAM (Bytes):      6669926
2026-03-19 23:00:33,623 | Winograd_Optimized   | Tiles:        169 | DRAM (Bytes):     11955404
2026-03-19 23:00:33,623 | Winograd_Optimized   | Tiles:        169 | DRAM (Bytes):     11955404
2026-03-19 23:00:33,623 | Winograd_Optimized   | Tiles:         36 | DRAM (Bytes):      9661644
2026-03-19 23:00:33,623 | Winograd_Optimized   | Tiles:         36 | DRAM (Bytes):      9661644
2026-03-19 23:00:33,623 | Winograd_Optimized   | Tiles:         36 | DRAM (Bytes):      9661644
2026-03-19 23:00:38,281 | Direct_Conv          | Tiles:          1 | DRAM (Bytes):      1441536
2026-03-19 23:00:38,281 | Direct_Conv          | Tiles:          1 | DRAM (Bytes):      1821696
2026-03-19 23:00:38,281 | Direct_Conv          | Tiles:          1 | DRAM (Bytes):      2969856
2026-03-19 23:00:38,281 | Direct_Conv          | Tiles:          1 | DRAM (Bytes):      3922432
2026-03-19 23:00:38,281 | Direct_Conv          | Tiles:          1 | DRAM (Bytes):      2656256
2026-03-19 23:00:38,935 | Direct_Conv          | Tiles:          1 | DRAM (Bytes):      1441536
2026-03-19 23:00:38,936 | Direct_Conv          | Tiles:          1 | DRAM (Bytes):      1821696
2026-03-19 23:00:38,936 | Winograd_Naive       | Tiles:         25 | DRAM (Bytes):      3127680
2026-03-19 23:00:38,936 | Winograd_Naive       | Tiles:         25 | DRAM (Bytes):      4114176
2026-03-19 23:00:38,936 | Winograd_Naive       | Tiles:         25 | DRAM (Bytes):      2804736
2026-03-19 23:00:39,592 | Direct_Conv          | Tiles:          1 | DRAM (Bytes):      1441536
2026-03-19 23:00:39,593 | Direct_Conv          | Tiles:          1 | DRAM (Bytes):      1821696
2026-03-19 23:00:39,593 | Winograd_Cache-Aware | Tiles:         25 | DRAM (Bytes):      2969856
2026-03-19 23:00:39,593 | Winograd_Cache-Aware | Tiles:         25 | DRAM (Bytes):      3922432
2026-03-19 23:00:39,593 | Winograd_Cache-Aware | Tiles:         25 | DRAM (Bytes):      2656256
2026-03-19 23:00:40,237 | Direct_Conv          | Tiles:          1 | DRAM (Bytes):      1441536
2026-03-19 23:00:40,237 | Direct_Conv          | Tiles:          1 | DRAM (Bytes):      1821696
2026-03-19 23:00:40,237 | Winograd_Optimized   | Tiles:         25 | DRAM (Bytes):      2837145
2026-03-19 23:00:40,237 | Winograd_Optimized   | Tiles:         25 | DRAM (Bytes):      3745484
2026-03-19 23:00:40,237 | Winograd_Optimized   | Tiles:         25 | DRAM (Bytes):      2538291
2026-03-19 23:00:41,498 | Direct_Conv          | Tiles:          1 | DRAM (Bytes):      3681280
2026-03-19 23:00:41,499 | Direct_Conv          | Tiles:          1 | DRAM (Bytes):      1696768
2026-03-19 23:00:41,499 | Direct_Conv          | Tiles:          1 | DRAM (Bytes):      1696768
2026-03-19 23:00:41,499 | Direct_Conv          | Tiles:          1 | DRAM (Bytes):      1696768
2026-03-19 23:00:41,499 | Direct_Conv          | Tiles:          1 | DRAM (Bytes):      1696768
2026-03-19 23:00:41,499 | Direct_Conv          | Tiles:          1 | DRAM (Bytes):      1696768
2026-03-19 23:00:41,499 | Direct_Conv          | Tiles:          1 | DRAM (Bytes):      1696768
2026-03-19 23:00:41,499 | Direct_Conv          | Tiles:          1 | DRAM (Bytes):      1470976
2026-03-19 23:00:41,499 | Direct_Conv          | Tiles:          1 | DRAM (Bytes):      1337344
2026-03-19 23:00:41,499 | Direct_Conv          | Tiles:          1 | DRAM (Bytes):      1236992
2026-03-19 23:00:41,499 | Direct_Conv          | Tiles:          1 | DRAM (Bytes):      1337344
2026-03-19 23:00:41,499 | Direct_Conv          | Tiles:          1 | DRAM (Bytes):      1337344
2026-03-19 23:00:41,499 | Direct_Conv          | Tiles:          1 | DRAM (Bytes):      1337344
2026-03-19 23:00:41,499 | Direct_Conv          | Tiles:          1 | DRAM (Bytes):      1337344
2026-03-19 23:00:41,499 | Direct_Conv          | Tiles:          1 | DRAM (Bytes):      1337344
2026-03-19 23:00:41,499 | Direct_Conv          | Tiles:          1 | DRAM (Bytes):      1337344
2026-03-19 23:00:41,499 | Direct_Conv          | Tiles:          1 | DRAM (Bytes):      1754112
2026-03-19 23:00:41,499 | Direct_Conv          | Tiles:          1 | DRAM (Bytes):      2707456
2026-03-19 23:00:41,499 | Direct_Conv          | Tiles:          1 | DRAM (Bytes):       733184
2026-03-19 23:00:41,499 | Direct_Conv          | Tiles:          1 | DRAM (Bytes):      2707456
2026-03-19 23:00:41,499 | Direct_Conv          | Tiles:          1 | DRAM (Bytes):      2707456
2026-03-19 23:00:41,499 | Direct_Conv          | Tiles:          1 | DRAM (Bytes):      2707456
2026-03-19 23:00:41,499 | Direct_Conv          | Tiles:          1 | DRAM (Bytes):      2707456
2026-03-19 23:00:41,499 | Direct_Conv          | Tiles:          1 | DRAM (Bytes):      2707456
2026-03-19 23:00:41,499 | Direct_Conv          | Tiles:          1 | DRAM (Bytes):      2707456
2026-03-19 23:00:41,499 | Direct_Conv          | Tiles:          1 | DRAM (Bytes):      2707456
2026-03-19 23:00:41,499 | Direct_Conv          | Tiles:          1 | DRAM (Bytes):      2707456
2026-03-19 23:00:41,499 | Direct_Conv          | Tiles:          1 | DRAM (Bytes):      2707456
2026-03-19 23:00:41,499 | Direct_Conv          | Tiles:          1 | DRAM (Bytes):      2707456
2026-03-19 23:00:41,499 | Direct_Conv          | Tiles:          1 | DRAM (Bytes):      4993024
2026-03-19 23:00:41,499 | Direct_Conv          | Tiles:          1 | DRAM (Bytes):      9588736
2026-03-19 23:00:41,499 | Direct_Conv          | Tiles:          1 | DRAM (Bytes):       825344
2026-03-19 23:00:41,499 | Direct_Conv          | Tiles:          1 | DRAM (Bytes):      9588736
2026-03-19 23:00:41,499 | Direct_Conv          | Tiles:          1 | DRAM (Bytes):      9588736
2026-03-19 23:00:41,499 | Direct_Conv          | Tiles:          1 | DRAM (Bytes):      9588736
2026-03-19 23:00:41,499 | Direct_Conv          | Tiles:          1 | DRAM (Bytes):      9588736
2026-03-19 23:00:43,535 | Direct_Conv          | Tiles:          1 | DRAM (Bytes):      3681280
2026-03-19 23:00:43,536 | Winograd_Naive       | Tiles:        729 | DRAM (Bytes):      2471424
2026-03-19 23:00:43,536 | Winograd_Naive       | Tiles:        729 | DRAM (Bytes):      2471424
2026-03-19 23:00:43,536 | Winograd_Naive       | Tiles:        729 | DRAM (Bytes):      2471424
2026-03-19 23:00:43,536 | Winograd_Naive       | Tiles:        729 | DRAM (Bytes):      2471424
2026-03-19 23:00:43,536 | Winograd_Naive       | Tiles:        729 | DRAM (Bytes):      2471424
2026-03-19 23:00:43,536 | Winograd_Naive       | Tiles:        729 | DRAM (Bytes):      2471424
2026-03-19 23:00:43,536 | Direct_Conv          | Tiles:          1 | DRAM (Bytes):      1470976
2026-03-19 23:00:43,536 | Winograd_Naive       | Tiles:        169 | DRAM (Bytes):      1711104
2026-03-19 23:00:43,536 | Direct_Conv          | Tiles:          1 | DRAM (Bytes):      1236992
2026-03-19 23:00:43,536 | Winograd_Naive       | Tiles:        169 | DRAM (Bytes):      1711104
2026-03-19 23:00:43,536 | Winograd_Naive       | Tiles:        169 | DRAM (Bytes):      1711104
2026-03-19 23:00:43,536 | Winograd_Naive       | Tiles:        169 | DRAM (Bytes):      1711104
2026-03-19 23:00:43,536 | Winograd_Naive       | Tiles:        169 | DRAM (Bytes):      1711104
2026-03-19 23:00:43,536 | Winograd_Naive       | Tiles:        169 | DRAM (Bytes):      1711104
2026-03-19 23:00:43,536 | Winograd_Naive       | Tiles:        169 | DRAM (Bytes):      1711104
2026-03-19 23:00:43,536 | Direct_Conv          | Tiles:          1 | DRAM (Bytes):      1754112
2026-03-19 23:00:43,536 | Winograd_Naive       | Tiles:         36 | DRAM (Bytes):      2881536
2026-03-19 23:00:43,536 | Direct_Conv          | Tiles:          1 | DRAM (Bytes):       733184
2026-03-19 23:00:43,536 | Winograd_Naive       | Tiles:         36 | DRAM (Bytes):      2881536
2026-03-19 23:00:43,536 | Winograd_Naive       | Tiles:         36 | DRAM (Bytes):      2881536
2026-03-19 23:00:43,536 | Winograd_Naive       | Tiles:         36 | DRAM (Bytes):      2881536
2026-03-19 23:00:43,536 | Winograd_Naive       | Tiles:         36 | DRAM (Bytes):      2881536
2026-03-19 23:00:43,536 | Winograd_Naive       | Tiles:         36 | DRAM (Bytes):      2881536
2026-03-19 23:00:43,536 | Winograd_Naive       | Tiles:         36 | DRAM (Bytes):      2881536
2026-03-19 23:00:43,536 | Winograd_Naive       | Tiles:         36 | DRAM (Bytes):      2881536
2026-03-19 23:00:43,536 | Winograd_Naive       | Tiles:         36 | DRAM (Bytes):      2881536
2026-03-19 23:00:43,536 | Winograd_Naive       | Tiles:         36 | DRAM (Bytes):      2881536
2026-03-19 23:00:43,536 | Winograd_Naive       | Tiles:         36 | DRAM (Bytes):      2881536
2026-03-19 23:00:43,536 | Direct_Conv          | Tiles:          1 | DRAM (Bytes):      4993024
2026-03-19 23:00:43,536 | Winograd_Naive       | Tiles:          4 | DRAM (Bytes):      9664512
2026-03-19 23:00:43,536 | Direct_Conv          | Tiles:          1 | DRAM (Bytes):       825344
2026-03-19 23:00:43,536 | Winograd_Naive       | Tiles:          4 | DRAM (Bytes):      9664512
2026-03-19 23:00:43,536 | Winograd_Naive       | Tiles:          4 | DRAM (Bytes):      9664512
2026-03-19 23:00:43,536 | Winograd_Naive       | Tiles:          4 | DRAM (Bytes):      9664512
2026-03-19 23:00:43,536 | Winograd_Naive       | Tiles:          4 | DRAM (Bytes):      9664512
2026-03-19 23:00:45,569 | Direct_Conv          | Tiles:          1 | DRAM (Bytes):      3681280
2026-03-19 23:00:45,570 | Winograd_Cache-Aware | Tiles:        729 | DRAM (Bytes):      1696768
2026-03-19 23:00:45,570 | Winograd_Cache-Aware | Tiles:        729 | DRAM (Bytes):      1696768
2026-03-19 23:00:45,570 | Winograd_Cache-Aware | Tiles:        729 | DRAM (Bytes):      1696768
2026-03-19 23:00:45,570 | Winograd_Cache-Aware | Tiles:        729 | DRAM (Bytes):      1696768
2026-03-19 23:00:45,570 | Winograd_Cache-Aware | Tiles:        729 | DRAM (Bytes):      1696768
2026-03-19 23:00:45,570 | Winograd_Cache-Aware | Tiles:        729 | DRAM (Bytes):      1696768
2026-03-19 23:00:45,570 | Direct_Conv          | Tiles:          1 | DRAM (Bytes):      1470976
2026-03-19 23:00:45,570 | Winograd_Cache-Aware | Tiles:        169 | DRAM (Bytes):      1337344
2026-03-19 23:00:45,570 | Direct_Conv          | Tiles:          1 | DRAM (Bytes):      1236992
2026-03-19 23:00:45,570 | Winograd_Cache-Aware | Tiles:        169 | DRAM (Bytes):      1337344
2026-03-19 23:00:45,570 | Winograd_Cache-Aware | Tiles:        169 | DRAM (Bytes):      1337344
2026-03-19 23:00:45,570 | Winograd_Cache-Aware | Tiles:        169 | DRAM (Bytes):      1337344
2026-03-19 23:00:45,570 | Winograd_Cache-Aware | Tiles:        169 | DRAM (Bytes):      1337344
2026-03-19 23:00:45,570 | Winograd_Cache-Aware | Tiles:        169 | DRAM (Bytes):      1337344
2026-03-19 23:00:45,570 | Winograd_Cache-Aware | Tiles:        169 | DRAM (Bytes):      1337344
2026-03-19 23:00:45,570 | Direct_Conv          | Tiles:          1 | DRAM (Bytes):      1754112
2026-03-19 23:00:45,570 | Winograd_Cache-Aware | Tiles:         36 | DRAM (Bytes):      2707456
2026-03-19 23:00:45,570 | Direct_Conv          | Tiles:          1 | DRAM (Bytes):       733184
2026-03-19 23:00:45,570 | Winograd_Cache-Aware | Tiles:         36 | DRAM (Bytes):      2707456
2026-03-19 23:00:45,570 | Winograd_Cache-Aware | Tiles:         36 | DRAM (Bytes):      2707456
2026-03-19 23:00:45,570 | Winograd_Cache-Aware | Tiles:         36 | DRAM (Bytes):      2707456
2026-03-19 23:00:45,570 | Winograd_Cache-Aware | Tiles:         36 | DRAM (Bytes):      2707456
2026-03-19 23:00:45,570 | Winograd_Cache-Aware | Tiles:         36 | DRAM (Bytes):      2707456
2026-03-19 23:00:45,570 | Winograd_Cache-Aware | Tiles:         36 | DRAM (Bytes):      2707456
2026-03-19 23:00:45,570 | Winograd_Cache-Aware | Tiles:         36 | DRAM (Bytes):      2707456
2026-03-19 23:00:45,570 | Winograd_Cache-Aware | Tiles:         36 | DRAM (Bytes):      2707456
2026-03-19 23:00:45,570 | Winograd_Cache-Aware | Tiles:         36 | DRAM (Bytes):      2707456
2026-03-19 23:00:45,570 | Winograd_Cache-Aware | Tiles:         36 | DRAM (Bytes):      2707456
2026-03-19 23:00:45,570 | Direct_Conv          | Tiles:          1 | DRAM (Bytes):      4993024
2026-03-19 23:00:45,570 | Winograd_Cache-Aware | Tiles:          4 | DRAM (Bytes):      9588736
2026-03-19 23:00:45,570 | Direct_Conv          | Tiles:          1 | DRAM (Bytes):       825344
2026-03-19 23:00:45,570 | Winograd_Cache-Aware | Tiles:          4 | DRAM (Bytes):      9588736
2026-03-19 23:00:45,570 | Winograd_Cache-Aware | Tiles:          4 | DRAM (Bytes):      9588736
2026-03-19 23:00:45,570 | Winograd_Cache-Aware | Tiles:          4 | DRAM (Bytes):      9588736
2026-03-19 23:00:45,570 | Winograd_Cache-Aware | Tiles:          4 | DRAM (Bytes):      9588736
2026-03-19 23:00:47,596 | Direct_Conv          | Tiles:          1 | DRAM (Bytes):      3681280
2026-03-19 23:00:47,596 | Winograd_Optimized   | Tiles:        729 | DRAM (Bytes):      1689395
2026-03-19 23:00:47,596 | Winograd_Optimized   | Tiles:        729 | DRAM (Bytes):      1689395
2026-03-19 23:00:47,596 | Winograd_Optimized   | Tiles:        729 | DRAM (Bytes):      1689395
2026-03-19 23:00:47,596 | Winograd_Optimized   | Tiles:        729 | DRAM (Bytes):      1689395
2026-03-19 23:00:47,596 | Winograd_Optimized   | Tiles:        729 | DRAM (Bytes):      1689395
2026-03-19 23:00:47,596 | Winograd_Optimized   | Tiles:        729 | DRAM (Bytes):      1689395
2026-03-19 23:00:47,596 | Direct_Conv          | Tiles:          1 | DRAM (Bytes):      1470976
2026-03-19 23:00:47,596 | Winograd_Optimized   | Tiles:        169 | DRAM (Bytes):      1307852
2026-03-19 23:00:47,596 | Direct_Conv          | Tiles:          1 | DRAM (Bytes):      1236992
2026-03-19 23:00:47,596 | Winograd_Optimized   | Tiles:        169 | DRAM (Bytes):      1307852
2026-03-19 23:00:47,596 | Winograd_Optimized   | Tiles:        169 | DRAM (Bytes):      1307852
2026-03-19 23:00:47,596 | Winograd_Optimized   | Tiles:        169 | DRAM (Bytes):      1307852
2026-03-19 23:00:47,596 | Winograd_Optimized   | Tiles:        169 | DRAM (Bytes):      1307852
2026-03-19 23:00:47,596 | Winograd_Optimized   | Tiles:        169 | DRAM (Bytes):      1307852
2026-03-19 23:00:47,596 | Winograd_Optimized   | Tiles:        169 | DRAM (Bytes):      1307852
2026-03-19 23:00:47,596 | Direct_Conv          | Tiles:          1 | DRAM (Bytes):      1754112
2026-03-19 23:00:47,596 | Winograd_Optimized   | Tiles:         36 | DRAM (Bytes):      2589491
2026-03-19 23:00:47,596 | Direct_Conv          | Tiles:          1 | DRAM (Bytes):       733184
2026-03-19 23:00:47,596 | Winograd_Optimized   | Tiles:         36 | DRAM (Bytes):      2589491
2026-03-19 23:00:47,596 | Winograd_Optimized   | Tiles:         36 | DRAM (Bytes):      2589491
2026-03-19 23:00:47,596 | Winograd_Optimized   | Tiles:         36 | DRAM (Bytes):      2589491
2026-03-19 23:00:47,596 | Winograd_Optimized   | Tiles:         36 | DRAM (Bytes):      2589491
2026-03-19 23:00:47,596 | Winograd_Optimized   | Tiles:         36 | DRAM (Bytes):      2589491
2026-03-19 23:00:47,596 | Winograd_Optimized   | Tiles:         36 | DRAM (Bytes):      2589491
2026-03-19 23:00:47,596 | Winograd_Optimized   | Tiles:         36 | DRAM (Bytes):      2589491
2026-03-19 23:00:47,596 | Winograd_Optimized   | Tiles:         36 | DRAM (Bytes):      2589491
2026-03-19 23:00:47,596 | Winograd_Optimized   | Tiles:         36 | DRAM (Bytes):      2589491
2026-03-19 23:00:47,596 | Winograd_Optimized   | Tiles:         36 | DRAM (Bytes):      2589491
2026-03-19 23:00:47,596 | Direct_Conv          | Tiles:          1 | DRAM (Bytes):      4993024
2026-03-19 23:00:47,596 | Winograd_Optimized   | Tiles:          4 | DRAM (Bytes):      9116876
2026-03-19 23:00:47,596 | Direct_Conv          | Tiles:          1 | DRAM (Bytes):       825344
2026-03-19 23:00:47,596 | Winograd_Optimized   | Tiles:          4 | DRAM (Bytes):      9116876
2026-03-19 23:00:47,596 | Winograd_Optimized   | Tiles:          4 | DRAM (Bytes):      9116876
2026-03-19 23:00:47,596 | Winograd_Optimized   | Tiles:          4 | DRAM (Bytes):      9116876
2026-03-19 23:00:47,596 | Winograd_Optimized   | Tiles:          4 | DRAM (Bytes):      9116876
